<?xml version="1.0" encoding="UTF-8"?>
<!-- Generated by org.testng.reporters.JUnitReportReporter -->
<testsuite hostname="DESKTOP-86S4MIF" failures="0" tests="1" name="testngpack.Search" time="12.618" errors="0" timestamp="2024-09-14T22:06:56 EDT" skipped="0">
  <testcase classname="testngpack.Search" name="searchExistingProduct" time="12.618"/>
</testsuite> <!-- testngpack.Search -->
