<?xml version="1.0" encoding="UTF-8"?>
<!-- Generated by org.testng.reporters.JUnitReportReporter -->
<testsuite hostname="DESKTOP-86S4MIF" failures="0" tests="1" name="webelementfunctions.DropDown" time="12.207" errors="0" timestamp="2024-05-28T11:39:22 EDT" skipped="0">
  <testcase classname="webelementfunctions.DropDown" name="linkedIn" time="12.207"/>
</testsuite> <!-- webelementfunctions.DropDown -->
