<?xml version="1.0" encoding="UTF-8"?>
<!-- Generated by org.testng.reporters.JUnitReportReporter -->
<testsuite hostname="DESKTOP-86S4MIF" failures="0" tests="1" name="multipleobjectextraction.CnnHeaderLinkTesting2" time="55.932" errors="0" timestamp="2024-08-14T22:00:50 EDT" skipped="0">
  <testcase classname="multipleobjectextraction.CnnHeaderLinkTesting2" name="cnnHeaderLinks" time="55.932"/>
</testsuite> <!-- multipleobjectextraction.CnnHeaderLinkTesting2 -->
