<?xml version="1.0" encoding="UTF-8"?>
<!-- Generated by org.testng.reporters.JUnitReportReporter -->
<testsuite hostname="DESKTOP-86S4MIF" failures="0" tests="1" name="Implicitwait.WaitingExample" time="32.479" errors="0" timestamp="2024-09-12T08:46:43 EDT" skipped="0">
  <testcase classname="Implicitwait.WaitingExample" name="linkedIn" time="32.479"/>
</testsuite> <!-- Implicitwait.WaitingExample -->
