<?xml version="1.0" encoding="UTF-8"?>
<!-- Generated by org.testng.reporters.JUnitReportReporter -->
<testsuite hostname="DESKTOP-86S4MIF" failures="0" tests="1" name="browsers.FirstScript" time="16.005" errors="0" timestamp="2024-11-04T16:48:29 EST" skipped="0">
  <testcase classname="browsers.FirstScript" name="login" time="16.005"/>
</testsuite> <!-- browsers.FirstScript -->
