<?xml version="1.0" encoding="UTF-8"?>
<!-- Generated by org.testng.reporters.JUnitReportReporter -->
<testsuite hostname="DESKTOP-86S4MIF" failures="0" tests="1" name="webelementfunctions.Cnn" time="70.204" errors="0" timestamp="2024-05-30T10:19:37 EDT" skipped="0">
  <testcase classname="webelementfunctions.Cnn" name="linkedIn" time="70.204"/>
</testsuite> <!-- webelementfunctions.Cnn -->
