<?xml version="1.0" encoding="UTF-8"?>
<!-- Generated by org.testng.reporters.JUnitReportReporter -->
<testsuite hostname="DESKTOP-86S4MIF" failures="0" tests="1" name="identifyingelements.LinkedIn" time="25.986" errors="0" timestamp="2024-08-14T21:36:12 EDT" skipped="0">
  <testcase classname="identifyingelements.LinkedIn" name="linkedIn" time="25.986"/>
</testsuite> <!-- identifyingelements.LinkedIn -->
