<?xml version="1.0" encoding="UTF-8"?>
<!-- Generated by org.testng.reporters.JUnitReportReporter -->
<testsuite hostname="DESKTOP-86S4MIF" failures="0" tests="1" name="windowmanagement.RediffAlert" time="10.146" errors="0" timestamp="2024-08-05T16:30:45 EDT" skipped="0">
  <testcase classname="windowmanagement.RediffAlert" name="rediff" time="10.146"/>
</testsuite> <!-- windowmanagement.RediffAlert -->
