<?xml version="1.0" encoding="UTF-8"?>
<!-- Generated by org.testng.reporters.JUnitReportReporter -->
<testsuite hostname="DESKTOP-86S4MIF" failures="0" tests="1" name="xpaths.LinkedIn" time="22.993" errors="0" timestamp="2024-06-14T10:41:53 EDT" skipped="0">
  <testcase classname="xpaths.LinkedIn" name="linkedIn" time="22.993"/>
</testsuite> <!-- xpaths.LinkedIn -->
