<?xml version="1.0" encoding="UTF-8"?>
<!-- Generated by org.testng.reporters.JUnitReportReporter -->
<testsuite hostname="DESKTOP-86S4MIF" failures="0" tests="1" name="jsandactions.JSLinkedIn" time="7.742" errors="0" timestamp="2024-08-14T21:54:10 EDT" skipped="0">
  <testcase classname="jsandactions.JSLinkedIn" name="linkedIn" time="7.742"/>
</testsuite> <!-- jsandactions.JSLinkedIn -->
