<?xml version="1.0" encoding="UTF-8"?>
<!-- Generated by org.testng.reporters.JUnitReportReporter -->
<testsuite hostname="DESKTOP-86S4MIF" failures="0" tests="1" name="jsandactions.Americangolf" time="15.365" errors="0" timestamp="2024-08-14T21:50:33 EDT" skipped="0">
  <testcase classname="jsandactions.Americangolf" name="testAmericanGolf" time="15.365"/>
</testsuite> <!-- jsandactions.Americangolf -->
