<?xml version="1.0" encoding="UTF-8"?>
<!-- Generated by org.testng.reporters.JUnitReportReporter -->
<testsuite hostname="DESKTOP-86S4MIF" failures="0" tests="2" name="QAFoxClass.Login" time="22.422" errors="0" timestamp="2024-09-24T12:22:39 EDT" skipped="0">
  <testcase classname="QAFoxClass.Login" name="verifyLoginWithValidCredentials" time="9.949"/>
  <testcase classname="QAFoxClass.Login" name="verifyLoginWithInvalidCredentials" time="12.473"/>
</testsuite> <!-- QAFoxClass.Login -->
