<?xml version="1.0" encoding="UTF-8"?>
<!-- Generated by org.testng.reporters.JUnitReportReporter -->
<testsuite hostname="DESKTOP-86S4MIF" failures="0" tests="1" name="webtables.Rediff" time="13.488" errors="0" timestamp="2024-09-09T10:02:34 EDT" skipped="0">
  <testcase classname="webtables.Rediff" name="testTable" time="13.488"/>
</testsuite> <!-- webtables.Rediff -->
