<?xml version="1.0" encoding="UTF-8"?>
<!-- Generated by org.testng.reporters.JUnitReportReporter -->
<testsuite hostname="DESKTOP-86S4MIF" failures="0" tests="1" name="webelementfunctions.Zoho" time="23.530" errors="0" timestamp="2024-05-28T23:56:46 EDT" skipped="0">
  <testcase classname="webelementfunctions.Zoho" name="linkedIn" time="23.530"/>
</testsuite> <!-- webelementfunctions.Zoho -->
