<?xml version="1.0" encoding="UTF-8"?>
<!-- Generated by org.testng.reporters.JUnitReportReporter -->
<testsuite hostname="DESKTOP-86S4MIF" failures="0" tests="1" name="framesandcookies.Paytm" time="11.421" errors="0" timestamp="2024-08-14T21:55:34 EDT" skipped="0">
  <testcase classname="framesandcookies.Paytm" name="paytm" time="11.421"/>
</testsuite> <!-- framesandcookies.Paytm -->
