<?xml version="1.0" encoding="UTF-8"?>
<!-- Generated by org.testng.reporters.JUnitReportReporter -->
<testsuite hostname="DESKTOP-86S4MIF" failures="0" tests="3" name="testcases.suiteb.SearchAndPurchasePhoneTest" time="0.008" errors="0" timestamp="2024-08-23T08:37:07 EDT" skipped="0">
  <testcase classname="testcases.suiteb.SearchAndPurchasePhoneTest" name="search" time="0.006"/>
  <testcase classname="testcases.suiteb.SearchAndPurchasePhoneTest" name="selectPhone" time="0.001"/>
  <testcase classname="testcases.suiteb.SearchAndPurchasePhoneTest" name="checkout" time="0.001"/>
</testsuite> <!-- testcases.suiteb.SearchAndPurchasePhoneTest -->
