<?xml version="1.0" encoding="UTF-8"?>
<!-- Generated by org.testng.reporters.JUnitReportReporter -->
<testsuite hostname="DESKTOP-86S4MIF" failures="0" tests="5" name="webtables.InvocationCount" time="0.013" errors="0" timestamp="2024-01-11T09:11:49 EST" skipped="0">
  <testcase classname="webtables.InvocationCount" name="Test01" time="0.001"/>
  <testcase classname="webtables.InvocationCount" name="Test01" time="0.001"/>
  <testcase classname="webtables.InvocationCount" name="Test01" time="0.009"/>
  <testcase classname="webtables.InvocationCount" name="Test01" time="0.001"/>
  <testcase classname="webtables.InvocationCount" name="Test01" time="0.001"/>
</testsuite> <!-- webtables.InvocationCount -->
