<?xml version="1.0" encoding="UTF-8"?>
<!-- Generated by org.testng.reporters.JUnitReportReporter -->
<testsuite hostname="DESKTOP-86S4MIF" failures="0" tests="1" name="windowmanagement.WindowsSelenium" time="23.893" errors="0" timestamp="2024-08-06T14:43:30 EDT" skipped="0">
  <testcase classname="windowmanagement.WindowsSelenium" name="testWindows" time="23.893"/>
</testsuite> <!-- windowmanagement.WindowsSelenium -->
