<?xml version="1.0" encoding="UTF-8"?>
<!-- Generated by org.testng.reporters.JUnitReportReporter -->
<testsuite hostname="DESKTOP-86S4MIF" failures="0" tests="1" name="ProjectStructures.sakraworldhospital" time="33.138" errors="0" timestamp="2024-06-10T21:38:19 EDT" skipped="0">
  <testcase classname="ProjectStructures.sakraworldhospital" name="appointmentTest" time="33.138"/>
</testsuite> <!-- ProjectStructures.sakraworldhospital -->
