<?xml version="1.0" encoding="UTF-8"?>
<!-- Generated by org.testng.reporters.JUnitReportReporter -->
<testsuite hostname="DESKTOP-86S4MIF" failures="0" tests="1" name="browsers.Webdrivertest" time="18.229" errors="0" timestamp="2024-10-10T23:07:41 EDT" skipped="0">
  <testcase classname="browsers.Webdrivertest" name="login" time="18.229"/>
</testsuite> <!-- browsers.Webdrivertest -->
