<?xml version="1.0" encoding="UTF-8"?>
<!-- Generated by org.testng.reporters.JUnitReportReporter -->
<testsuite hostname="DESKTOP-86S4MIF" failures="0" tests="1" name="browsers.xlogin" time="17.490" errors="0" timestamp="2024-10-10T23:09:49 EDT" skipped="0">
  <testcase classname="browsers.xlogin" name="login" time="17.490"/>
</testsuite> <!-- browsers.xlogin -->
