<?xml version="1.0" encoding="UTF-8"?>
<!-- Generated by org.testng.reporters.JUnitReportReporter -->
<testsuite hostname="DESKTOP-86S4MIF" failures="0" tests="2" name="testcases.suitea.LoginTest" time="0.006" errors="0" timestamp="2024-08-22T18:00:24 EDT" skipped="0">
  <testcase classname="testcases.suitea.LoginTest" name="loginTest" time="0.005"/>
  <testcase classname="testcases.suitea.LoginTest" name="logout" time="0.001"/>
</testsuite> <!-- testcases.suitea.LoginTest -->
