<?xml version="1.0" encoding="UTF-8"?>
<!-- Generated by org.testng.reporters.JUnitReportReporter -->
<testsuite hostname="DESKTOP-86S4MIF" failures="0" tests="1" name="multipleobjectextraction.CnnHeaderLinkTesting" time="38.416" errors="0" timestamp="2024-09-12T08:23:25 EDT" skipped="0">
  <testcase classname="multipleobjectextraction.CnnHeaderLinkTesting" name="cnnHeaderLinks" time="38.416"/>
</testsuite> <!-- multipleobjectextraction.CnnHeaderLinkTesting -->
